<?xml version="1.0" encoding="UTF-8"?>
<testsuite name="org.spengergasse.CalcTest" tests="1" skipped="0" failures="0" errors="0" timestamp="2024-03-04T21:43:34" hostname="DESKTOP-J1HP3KI" time="0.396">
  <properties/>
  <testcase name="DMatrix_ShouldReturnEmptyMatrix_WhenNoKanten()" classname="org.spengergasse.CalcTest" time="0.396"/>
  <system-out><![CDATA[print from int[][]
File not found
[]
print from int[][]
print from int[][]
]]></system-out>
  <system-err><![CDATA[]]></system-err>
</testsuite>
